INFO: [VRFC 10-2263] Analyzing Verilog file "C:/Users/huang/Documents/School/CMPE140/SingleCycleMIPS/SingleCycleMIPS.srcs/sources_1/new/MIPS.v" into library xil_defaultlib
INFO: [VRFC 10-311] analyzing module MIPS
INFO: [VRFC 10-2263] Analyzing Verilog file "C:/Users/huang/Documents/School/CMPE140/SingleCycleMIPS/SingleCycleMIPS.srcs/sources_1/new/control_unit.v" into library xil_defaultlib
INFO: [VRFC 10-311] analyzing module control_unit
INFO: [VRFC 10-2458] undeclared symbol branch, assumed default net type wire [C:/Users/huang/Documents/School/CMPE140/SingleCycleMIPS/SingleCycleMIPS.srcs/sources_1/new/control_unit.v:10]
INFO: [VRFC 10-2263] Analyzing Verilog file "C:/Users/huang/Documents/School/CMPE140/SingleCycleMIPS/SingleCycleMIPS.srcs/sources_1/new/cu_parts.v" into library xil_defaultlib
INFO: [VRFC 10-311] analyzing module maindec
INFO: [VRFC 10-311] analyzing module auxdec
INFO: [VRFC 10-2263] Analyzing Verilog file "C:/Users/huang/Documents/School/CMPE140/SingleCycleMIPS/SingleCycleMIPS.srcs/sources_1/new/datapath.v" into library xil_defaultlib
INFO: [VRFC 10-311] analyzing module datapath
INFO: [VRFC 10-2263] Analyzing Verilog file "C:/Users/huang/Documents/School/CMPE140/SingleCycleMIPS/SingleCycleMIPS.srcs/sources_1/new/dp_parts.v" into library xil_defaultlib
INFO: [VRFC 10-311] analyzing module mux2
INFO: [VRFC 10-311] analyzing module mux4
INFO: [VRFC 10-311] analyzing module signext
INFO: [VRFC 10-311] analyzing module adder
INFO: [VRFC 10-311] analyzing module alu
INFO: [VRFC 10-311] analyzing module mul
INFO: [VRFC 10-311] analyzing module dreg
INFO: [VRFC 10-311] analyzing module dreg_en
INFO: [VRFC 10-311] analyzing module regfile
INFO: [VRFC 10-2263] Analyzing Verilog file "C:/Users/huang/Documents/School/CMPE140/SingleCycleMIPS/SingleCycleMIPS.srcs/sources_1/new/memory.v" into library xil_defaultlib
INFO: [VRFC 10-311] analyzing module imem
INFO: [VRFC 10-311] analyzing module dmem
INFO: [VRFC 10-2263] Analyzing Verilog file "C:/Users/huang/Documents/School/CMPE140/SingleCycleMIPS/SingleCycleMIPS.srcs/sim_1/new/tb_MIPS.v" into library xil_defaultlib
INFO: [VRFC 10-311] analyzing module tb_MIPS
