
*** Running vivado
    with args -log SoC.vds -m64 -product Vivado -mode batch -messageDb vivado.pb -notrace -source SoC.tcl


****** Vivado v2017.4 (64-bit)
  **** SW Build 2086221 on Fri Dec 15 20:55:39 MST 2017
  **** IP Build 2085800 on Fri Dec 15 22:25:07 MST 2017
    ** Copyright 1986-2017 Xilinx, Inc. All Rights Reserved.

source SoC.tcl -notrace
Command: synth_design -top SoC -part xc7a100tcsg324-1
Starting synth_design
Attempting to get a license for feature 'Synthesis' and/or device 'xc7a100t'
INFO: [Common 17-349] Got license for feature 'Synthesis' and/or device 'xc7a100t'
INFO: Launching helper process for spawning children vivado processes
INFO: Helper process launched with PID 20092 
---------------------------------------------------------------------------------
Starting Synthesize : Time (s): cpu = 00:00:06 ; elapsed = 00:00:06 . Memory (MB): peak = 344.867 ; gain = 100.840
---------------------------------------------------------------------------------
INFO: [Synth 8-638] synthesizing module 'SoC' [C:/Users/huang/Documents/School/CMPE140/SingleCycleMIPS/SingleCycleMIPS.srcs/sources_1/new/SoC.v:2]
INFO: [Synth 8-638] synthesizing module 'SoC_AD' [C:/Users/huang/Documents/School/CMPE140/SingleCycleMIPS/SingleCycleMIPS.srcs/sources_1/new/AD.v:20]
INFO: [Synth 8-256] done synthesizing module 'SoC_AD' (1#1) [C:/Users/huang/Documents/School/CMPE140/SingleCycleMIPS/SingleCycleMIPS.srcs/sources_1/new/AD.v:20]
INFO: [Synth 8-638] synthesizing module 'MIPS' [C:/Users/huang/Documents/School/CMPE140/SingleCycleMIPS/SingleCycleMIPS.srcs/sources_1/new/MIPS.v:2]
INFO: [Synth 8-638] synthesizing module 'datapath' [C:/Users/huang/Documents/School/CMPE140/SingleCycleMIPS/SingleCycleMIPS.srcs/sources_1/new/datapath.v:2]
INFO: [Synth 8-638] synthesizing module 'adder' [C:/Users/huang/Documents/School/CMPE140/SingleCycleMIPS/SingleCycleMIPS.srcs/sources_1/new/dp_parts.v:33]
INFO: [Synth 8-256] done synthesizing module 'adder' (2#1) [C:/Users/huang/Documents/School/CMPE140/SingleCycleMIPS/SingleCycleMIPS.srcs/sources_1/new/dp_parts.v:33]
INFO: [Synth 8-638] synthesizing module 'mux2' [C:/Users/huang/Documents/School/CMPE140/SingleCycleMIPS/SingleCycleMIPS.srcs/sources_1/new/dp_parts.v:3]
	Parameter WIDTH bound to: 32 - type: integer 
INFO: [Synth 8-256] done synthesizing module 'mux2' (3#1) [C:/Users/huang/Documents/School/CMPE140/SingleCycleMIPS/SingleCycleMIPS.srcs/sources_1/new/dp_parts.v:3]
INFO: [Synth 8-638] synthesizing module 'dreg' [C:/Users/huang/Documents/School/CMPE140/SingleCycleMIPS/SingleCycleMIPS.srcs/sources_1/new/dp_parts.v:68]
INFO: [Synth 8-256] done synthesizing module 'dreg' (4#1) [C:/Users/huang/Documents/School/CMPE140/SingleCycleMIPS/SingleCycleMIPS.srcs/sources_1/new/dp_parts.v:68]
INFO: [Synth 8-638] synthesizing module 'imem' [C:/Users/huang/Documents/School/CMPE140/SingleCycleMIPS/SingleCycleMIPS.srcs/sources_1/new/memory.v:4]
INFO: [Synth 8-3876] $readmem data file 'soc_driver.dat' is read successfully [C:/Users/huang/Documents/School/CMPE140/SingleCycleMIPS/SingleCycleMIPS.srcs/sources_1/new/memory.v:10]
INFO: [Synth 8-256] done synthesizing module 'imem' (5#1) [C:/Users/huang/Documents/School/CMPE140/SingleCycleMIPS/SingleCycleMIPS.srcs/sources_1/new/memory.v:4]
INFO: [Synth 8-638] synthesizing module 'mux2__parameterized0' [C:/Users/huang/Documents/School/CMPE140/SingleCycleMIPS/SingleCycleMIPS.srcs/sources_1/new/dp_parts.v:3]
	Parameter WIDTH bound to: 5 - type: integer 
INFO: [Synth 8-256] done synthesizing module 'mux2__parameterized0' (5#1) [C:/Users/huang/Documents/School/CMPE140/SingleCycleMIPS/SingleCycleMIPS.srcs/sources_1/new/dp_parts.v:3]
INFO: [Synth 8-638] synthesizing module 'regfile' [C:/Users/huang/Documents/School/CMPE140/SingleCycleMIPS/SingleCycleMIPS.srcs/sources_1/new/dp_parts.v:93]
INFO: [Synth 8-256] done synthesizing module 'regfile' (6#1) [C:/Users/huang/Documents/School/CMPE140/SingleCycleMIPS/SingleCycleMIPS.srcs/sources_1/new/dp_parts.v:93]
INFO: [Synth 8-638] synthesizing module 'signext' [C:/Users/huang/Documents/School/CMPE140/SingleCycleMIPS/SingleCycleMIPS.srcs/sources_1/new/dp_parts.v:28]
INFO: [Synth 8-256] done synthesizing module 'signext' (7#1) [C:/Users/huang/Documents/School/CMPE140/SingleCycleMIPS/SingleCycleMIPS.srcs/sources_1/new/dp_parts.v:28]
INFO: [Synth 8-638] synthesizing module 'alu' [C:/Users/huang/Documents/School/CMPE140/SingleCycleMIPS/SingleCycleMIPS.srcs/sources_1/new/dp_parts.v:41]
INFO: [Synth 8-155] case statement is not full and has no default [C:/Users/huang/Documents/School/CMPE140/SingleCycleMIPS/SingleCycleMIPS.srcs/sources_1/new/dp_parts.v:50]
INFO: [Synth 8-256] done synthesizing module 'alu' (8#1) [C:/Users/huang/Documents/School/CMPE140/SingleCycleMIPS/SingleCycleMIPS.srcs/sources_1/new/dp_parts.v:41]
INFO: [Synth 8-638] synthesizing module 'mul' [C:/Users/huang/Documents/School/CMPE140/SingleCycleMIPS/SingleCycleMIPS.srcs/sources_1/new/dp_parts.v:60]
INFO: [Synth 8-256] done synthesizing module 'mul' (9#1) [C:/Users/huang/Documents/School/CMPE140/SingleCycleMIPS/SingleCycleMIPS.srcs/sources_1/new/dp_parts.v:60]
INFO: [Synth 8-638] synthesizing module 'dreg_en' [C:/Users/huang/Documents/School/CMPE140/SingleCycleMIPS/SingleCycleMIPS.srcs/sources_1/new/dp_parts.v:81]
	Parameter WIDTH bound to: 32 - type: integer 
INFO: [Synth 8-256] done synthesizing module 'dreg_en' (10#1) [C:/Users/huang/Documents/School/CMPE140/SingleCycleMIPS/SingleCycleMIPS.srcs/sources_1/new/dp_parts.v:81]
INFO: [Synth 8-638] synthesizing module 'mux4' [C:/Users/huang/Documents/School/CMPE140/SingleCycleMIPS/SingleCycleMIPS.srcs/sources_1/new/dp_parts.v:13]
	Parameter WIDTH bound to: 32 - type: integer 
INFO: [Synth 8-256] done synthesizing module 'mux4' (11#1) [C:/Users/huang/Documents/School/CMPE140/SingleCycleMIPS/SingleCycleMIPS.srcs/sources_1/new/dp_parts.v:13]
INFO: [Synth 8-638] synthesizing module 'dmem' [C:/Users/huang/Documents/School/CMPE140/SingleCycleMIPS/SingleCycleMIPS.srcs/sources_1/new/memory.v:16]
INFO: [Synth 8-256] done synthesizing module 'dmem' (12#1) [C:/Users/huang/Documents/School/CMPE140/SingleCycleMIPS/SingleCycleMIPS.srcs/sources_1/new/memory.v:16]
INFO: [Synth 8-256] done synthesizing module 'datapath' (13#1) [C:/Users/huang/Documents/School/CMPE140/SingleCycleMIPS/SingleCycleMIPS.srcs/sources_1/new/datapath.v:2]
INFO: [Synth 8-638] synthesizing module 'control_unit' [C:/Users/huang/Documents/School/CMPE140/SingleCycleMIPS/SingleCycleMIPS.srcs/sources_1/new/control_unit.v:2]
INFO: [Synth 8-638] synthesizing module 'maindec' [C:/Users/huang/Documents/School/CMPE140/SingleCycleMIPS/SingleCycleMIPS.srcs/sources_1/new/cu_parts.v:2]
INFO: [Synth 8-256] done synthesizing module 'maindec' (14#1) [C:/Users/huang/Documents/School/CMPE140/SingleCycleMIPS/SingleCycleMIPS.srcs/sources_1/new/cu_parts.v:2]
INFO: [Synth 8-638] synthesizing module 'auxdec' [C:/Users/huang/Documents/School/CMPE140/SingleCycleMIPS/SingleCycleMIPS.srcs/sources_1/new/cu_parts.v:39]
INFO: [Synth 8-256] done synthesizing module 'auxdec' (15#1) [C:/Users/huang/Documents/School/CMPE140/SingleCycleMIPS/SingleCycleMIPS.srcs/sources_1/new/cu_parts.v:39]
INFO: [Synth 8-256] done synthesizing module 'control_unit' (16#1) [C:/Users/huang/Documents/School/CMPE140/SingleCycleMIPS/SingleCycleMIPS.srcs/sources_1/new/control_unit.v:2]
INFO: [Synth 8-256] done synthesizing module 'MIPS' (17#1) [C:/Users/huang/Documents/School/CMPE140/SingleCycleMIPS/SingleCycleMIPS.srcs/sources_1/new/MIPS.v:2]
INFO: [Synth 8-638] synthesizing module 'FA' [C:/Users/huang/Documents/School/CMPE140/SingleCycleMIPS/SingleCycleMIPS.srcs/sources_1/new/FA.v:3]
INFO: [Synth 8-638] synthesizing module 'AD' [C:/Users/huang/Documents/School/CMPE140/SingleCycleMIPS/SingleCycleMIPS.srcs/sources_1/new/AD.v:1]
INFO: [Synth 8-226] default block is never used [C:/Users/huang/Documents/School/CMPE140/SingleCycleMIPS/SingleCycleMIPS.srcs/sources_1/new/AD.v:10]
INFO: [Synth 8-256] done synthesizing module 'AD' (18#1) [C:/Users/huang/Documents/School/CMPE140/SingleCycleMIPS/SingleCycleMIPS.srcs/sources_1/new/AD.v:1]
INFO: [Synth 8-638] synthesizing module 'dreg_en__parameterized0' [C:/Users/huang/Documents/School/CMPE140/SingleCycleMIPS/SingleCycleMIPS.srcs/sources_1/new/dp_parts.v:81]
	Parameter WIDTH bound to: 4 - type: integer 
INFO: [Synth 8-256] done synthesizing module 'dreg_en__parameterized0' (18#1) [C:/Users/huang/Documents/School/CMPE140/SingleCycleMIPS/SingleCycleMIPS.srcs/sources_1/new/dp_parts.v:81]
INFO: [Synth 8-638] synthesizing module 'dreg_en__parameterized1' [C:/Users/huang/Documents/School/CMPE140/SingleCycleMIPS/SingleCycleMIPS.srcs/sources_1/new/dp_parts.v:81]
	Parameter WIDTH bound to: 1 - type: integer 
INFO: [Synth 8-256] done synthesizing module 'dreg_en__parameterized1' (18#1) [C:/Users/huang/Documents/School/CMPE140/SingleCycleMIPS/SingleCycleMIPS.srcs/sources_1/new/dp_parts.v:81]
INFO: [Synth 8-638] synthesizing module 'fact' [C:/Users/huang/Documents/School/CMPE140/SingleCycleMIPS/SingleCycleMIPS.srcs/sources_1/new/fact.v:3]
	Parameter IN_WIDTH bound to: 4 - type: integer 
	Parameter OUT_WIDTH bound to: 32 - type: integer 
INFO: [Synth 8-638] synthesizing module 'fact_DP' [C:/Users/huang/Documents/School/CMPE140/SingleCycleMIPS/SingleCycleMIPS.srcs/sources_1/new/fact.v:67]
	Parameter IN_WIDTH bound to: 4 - type: integer 
	Parameter OUT_WIDTH bound to: 32 - type: integer 
INFO: [Synth 8-638] synthesizing module 'mux2__parameterized1' [C:/Users/huang/Documents/School/CMPE140/SingleCycleMIPS/SingleCycleMIPS.srcs/sources_1/new/dp_parts.v:3]
	Parameter WIDTH bound to: 32 - type: integer 
INFO: [Synth 8-256] done synthesizing module 'mux2__parameterized1' (18#1) [C:/Users/huang/Documents/School/CMPE140/SingleCycleMIPS/SingleCycleMIPS.srcs/sources_1/new/dp_parts.v:3]
INFO: [Synth 8-638] synthesizing module 'counter' [C:/Users/huang/Documents/School/CMPE140/SingleCycleMIPS/SingleCycleMIPS.srcs/sources_1/new/dp_parts.v:114]
	Parameter WIDTH bound to: 4 - type: integer 
INFO: [Synth 8-256] done synthesizing module 'counter' (19#1) [C:/Users/huang/Documents/School/CMPE140/SingleCycleMIPS/SingleCycleMIPS.srcs/sources_1/new/dp_parts.v:114]
INFO: [Synth 8-638] synthesizing module 'comparator' [C:/Users/huang/Documents/School/CMPE140/SingleCycleMIPS/SingleCycleMIPS.srcs/sources_1/new/dp_parts.v:127]
	Parameter WIDTH bound to: 4 - type: integer 
INFO: [Synth 8-256] done synthesizing module 'comparator' (20#1) [C:/Users/huang/Documents/School/CMPE140/SingleCycleMIPS/SingleCycleMIPS.srcs/sources_1/new/dp_parts.v:127]
INFO: [Synth 8-638] synthesizing module 'dreg_en__parameterized2' [C:/Users/huang/Documents/School/CMPE140/SingleCycleMIPS/SingleCycleMIPS.srcs/sources_1/new/dp_parts.v:81]
	Parameter WIDTH bound to: 32 - type: integer 
INFO: [Synth 8-256] done synthesizing module 'dreg_en__parameterized2' (20#1) [C:/Users/huang/Documents/School/CMPE140/SingleCycleMIPS/SingleCycleMIPS.srcs/sources_1/new/dp_parts.v:81]
INFO: [Synth 8-256] done synthesizing module 'fact_DP' (21#1) [C:/Users/huang/Documents/School/CMPE140/SingleCycleMIPS/SingleCycleMIPS.srcs/sources_1/new/fact.v:67]
INFO: [Synth 8-638] synthesizing module 'fact_CU' [C:/Users/huang/Documents/School/CMPE140/SingleCycleMIPS/SingleCycleMIPS.srcs/sources_1/new/fact.v:25]
	Parameter S0 bound to: 1'b0 
	Parameter S1 bound to: 1'b1 
	Parameter IDLE bound to: 6'b000000 
	Parameter LOAD bound to: 6'b111100 
	Parameter WAIT bound to: 6'b000000 
	Parameter DEC bound to: 6'b011000 
	Parameter DONE bound to: 6'b000010 
	Parameter ERR bound to: 6'b000001 
INFO: [Synth 8-256] done synthesizing module 'fact_CU' (22#1) [C:/Users/huang/Documents/School/CMPE140/SingleCycleMIPS/SingleCycleMIPS.srcs/sources_1/new/fact.v:25]
INFO: [Synth 8-256] done synthesizing module 'fact' (23#1) [C:/Users/huang/Documents/School/CMPE140/SingleCycleMIPS/SingleCycleMIPS.srcs/sources_1/new/fact.v:3]
INFO: [Synth 8-226] default block is never used [C:/Users/huang/Documents/School/CMPE140/SingleCycleMIPS/SingleCycleMIPS.srcs/sources_1/new/FA.v:33]
INFO: [Synth 8-256] done synthesizing module 'FA' (24#1) [C:/Users/huang/Documents/School/CMPE140/SingleCycleMIPS/SingleCycleMIPS.srcs/sources_1/new/FA.v:3]
INFO: [Synth 8-638] synthesizing module 'GPIO' [C:/Users/huang/Documents/School/CMPE140/SingleCycleMIPS/SingleCycleMIPS.srcs/sources_1/new/GPIO.v:2]
INFO: [Synth 8-226] default block is never used [C:/Users/huang/Documents/School/CMPE140/SingleCycleMIPS/SingleCycleMIPS.srcs/sources_1/new/GPIO.v:19]
INFO: [Synth 8-256] done synthesizing module 'GPIO' (25#1) [C:/Users/huang/Documents/School/CMPE140/SingleCycleMIPS/SingleCycleMIPS.srcs/sources_1/new/GPIO.v:2]
INFO: [Synth 8-226] default block is never used [C:/Users/huang/Documents/School/CMPE140/SingleCycleMIPS/SingleCycleMIPS.srcs/sources_1/new/SoC.v:34]
INFO: [Synth 8-256] done synthesizing module 'SoC' (26#1) [C:/Users/huang/Documents/School/CMPE140/SingleCycleMIPS/SingleCycleMIPS.srcs/sources_1/new/SoC.v:2]
WARNING: [Synth 8-3331] design SoC_AD has unconnected port a[31]
WARNING: [Synth 8-3331] design SoC_AD has unconnected port a[30]
WARNING: [Synth 8-3331] design SoC_AD has unconnected port a[29]
WARNING: [Synth 8-3331] design SoC_AD has unconnected port a[28]
WARNING: [Synth 8-3331] design SoC_AD has unconnected port a[27]
WARNING: [Synth 8-3331] design SoC_AD has unconnected port a[26]
WARNING: [Synth 8-3331] design SoC_AD has unconnected port a[25]
WARNING: [Synth 8-3331] design SoC_AD has unconnected port a[24]
WARNING: [Synth 8-3331] design SoC_AD has unconnected port a[23]
WARNING: [Synth 8-3331] design SoC_AD has unconnected port a[22]
WARNING: [Synth 8-3331] design SoC_AD has unconnected port a[21]
WARNING: [Synth 8-3331] design SoC_AD has unconnected port a[20]
WARNING: [Synth 8-3331] design SoC_AD has unconnected port a[19]
WARNING: [Synth 8-3331] design SoC_AD has unconnected port a[18]
WARNING: [Synth 8-3331] design SoC_AD has unconnected port a[17]
WARNING: [Synth 8-3331] design SoC_AD has unconnected port a[16]
WARNING: [Synth 8-3331] design SoC_AD has unconnected port a[15]
WARNING: [Synth 8-3331] design SoC_AD has unconnected port a[14]
WARNING: [Synth 8-3331] design SoC_AD has unconnected port a[13]
WARNING: [Synth 8-3331] design SoC_AD has unconnected port a[12]
WARNING: [Synth 8-3331] design SoC_AD has unconnected port a[7]
WARNING: [Synth 8-3331] design SoC_AD has unconnected port a[6]
WARNING: [Synth 8-3331] design SoC_AD has unconnected port a[5]
WARNING: [Synth 8-3331] design SoC_AD has unconnected port a[4]
WARNING: [Synth 8-3331] design SoC_AD has unconnected port a[3]
WARNING: [Synth 8-3331] design SoC_AD has unconnected port a[2]
---------------------------------------------------------------------------------
Finished Synthesize : Time (s): cpu = 00:00:07 ; elapsed = 00:00:07 . Memory (MB): peak = 396.871 ; gain = 152.844
---------------------------------------------------------------------------------
---------------------------------------------------------------------------------
Finished Constraint Validation : Time (s): cpu = 00:00:07 ; elapsed = 00:00:07 . Memory (MB): peak = 396.871 ; gain = 152.844
---------------------------------------------------------------------------------
---------------------------------------------------------------------------------
Start Loading Part and Timing Information
---------------------------------------------------------------------------------
Loading part: xc7a100tcsg324-1
---------------------------------------------------------------------------------
Finished Loading Part and Timing Information : Time (s): cpu = 00:00:07 ; elapsed = 00:00:07 . Memory (MB): peak = 396.871 ; gain = 152.844
---------------------------------------------------------------------------------
INFO: [Device 21-403] Loading part xc7a100tcsg324-1
INFO: [Synth 8-5544] ROM "we2" won't be mapped to Block RAM because address size (4) smaller than threshold (5)
INFO: [Synth 8-5544] ROM "we1" won't be mapped to Block RAM because address size (4) smaller than threshold (5)
INFO: [Synth 8-5544] ROM "wem" won't be mapped to Block RAM because address size (4) smaller than threshold (5)
INFO: [Synth 8-5546] ROM "rom" won't be mapped to RAM because it is too sparse
INFO: [Synth 8-5818] HDL ADVISOR - The operator resource <adder> is shared. To prevent sharing consider applying a KEEP on the output of the operator [C:/Users/huang/Documents/School/CMPE140/SingleCycleMIPS/SingleCycleMIPS.srcs/sources_1/new/dp_parts.v:47]
INFO: [Synth 8-5845] Not enough pipeline registers after wide multiplier. Recommended levels of pipeline registers is 4 [C:/Users/huang/Documents/School/CMPE140/SingleCycleMIPS/SingleCycleMIPS.srcs/sources_1/new/dp_parts.v:64]
WARNING: [Synth 8-6014] Unused sequential element Q_reg was removed.  [C:/Users/huang/Documents/School/CMPE140/SingleCycleMIPS/SingleCycleMIPS.srcs/sources_1/new/dp_parts.v:120]
WARNING: [Synth 8-327] inferring latch for variable 'wem_reg' [C:/Users/huang/Documents/School/CMPE140/SingleCycleMIPS/SingleCycleMIPS.srcs/sources_1/new/AD.v:38]
WARNING: [Synth 8-327] inferring latch for variable 'we1_reg' [C:/Users/huang/Documents/School/CMPE140/SingleCycleMIPS/SingleCycleMIPS.srcs/sources_1/new/AD.v:37]
WARNING: [Synth 8-327] inferring latch for variable 'we2_reg' [C:/Users/huang/Documents/School/CMPE140/SingleCycleMIPS/SingleCycleMIPS.srcs/sources_1/new/AD.v:36]
WARNING: [Synth 8-327] inferring latch for variable 'y_reg' [C:/Users/huang/Documents/School/CMPE140/SingleCycleMIPS/SingleCycleMIPS.srcs/sources_1/new/dp_parts.v:47]
---------------------------------------------------------------------------------
Finished RTL Optimization Phase 2 : Time (s): cpu = 00:00:08 ; elapsed = 00:00:08 . Memory (MB): peak = 396.871 ; gain = 152.844
---------------------------------------------------------------------------------

Report RTL Partitions: 
+-+--------------+------------+----------+
| |RTL Partition |Replication |Instances |
+-+--------------+------------+----------+
+-+--------------+------------+----------+
No constraint files found.
---------------------------------------------------------------------------------
Start RTL Component Statistics 
---------------------------------------------------------------------------------
Detailed RTL Component Info : 
+---Adders : 
	   2 Input     64 Bit       Adders := 2     
	   2 Input     32 Bit       Adders := 2     
	   3 Input     32 Bit       Adders := 1     
	   2 Input      4 Bit       Adders := 1     
+---Registers : 
	               32 Bit    Registers := 7     
	                4 Bit    Registers := 2     
	                1 Bit    Registers := 5     
+---Muxes : 
	   2 Input     32 Bit        Muxes := 10    
	  18 Input     32 Bit        Muxes := 1     
	   6 Input     32 Bit        Muxes := 1     
	   4 Input     32 Bit        Muxes := 4     
	   8 Input     14 Bit        Muxes := 1     
	   2 Input     13 Bit        Muxes := 1     
	   5 Input     13 Bit        Muxes := 1     
	   4 Input      6 Bit        Muxes := 1     
	   2 Input      5 Bit        Muxes := 3     
	   2 Input      4 Bit        Muxes := 1     
	   8 Input      3 Bit        Muxes := 1     
	   2 Input      1 Bit        Muxes := 6     
	   6 Input      1 Bit        Muxes := 1     
	   4 Input      1 Bit        Muxes := 4     
---------------------------------------------------------------------------------
Finished RTL Component Statistics 
---------------------------------------------------------------------------------
---------------------------------------------------------------------------------
Start RTL Hierarchical Component Statistics 
---------------------------------------------------------------------------------
Hierarchical RTL Component report 
Module SoC 
Detailed RTL Component Info : 
+---Muxes : 
	   4 Input     32 Bit        Muxes := 1     
Module SoC_AD 
Detailed RTL Component Info : 
+---Muxes : 
	   2 Input      1 Bit        Muxes := 4     
Module adder 
Detailed RTL Component Info : 
+---Adders : 
	   2 Input     32 Bit       Adders := 1     
Module mux2 
Detailed RTL Component Info : 
+---Muxes : 
	   2 Input     32 Bit        Muxes := 1     
Module dreg 
Detailed RTL Component Info : 
+---Registers : 
	               32 Bit    Registers := 1     
Module imem 
Detailed RTL Component Info : 
+---Muxes : 
	  18 Input     32 Bit        Muxes := 1     
Module mux2__parameterized0 
Detailed RTL Component Info : 
+---Muxes : 
	   2 Input      5 Bit        Muxes := 1     
Module regfile 
Detailed RTL Component Info : 
+---Muxes : 
	   2 Input     32 Bit        Muxes := 3     
Module alu 
Detailed RTL Component Info : 
+---Adders : 
	   3 Input     32 Bit       Adders := 1     
+---Muxes : 
	   6 Input     32 Bit        Muxes := 1     
	   6 Input      1 Bit        Muxes := 1     
Module mul 
Detailed RTL Component Info : 
+---Adders : 
	   2 Input     64 Bit       Adders := 1     
Module dreg_en 
Detailed RTL Component Info : 
+---Registers : 
	               32 Bit    Registers := 1     
Module mux4 
Detailed RTL Component Info : 
+---Muxes : 
	   4 Input     32 Bit        Muxes := 1     
Module maindec 
Detailed RTL Component Info : 
+---Muxes : 
	   8 Input     14 Bit        Muxes := 1     
	   2 Input     13 Bit        Muxes := 1     
	   5 Input     13 Bit        Muxes := 1     
Module auxdec 
Detailed RTL Component Info : 
+---Muxes : 
	   8 Input      3 Bit        Muxes := 1     
Module AD 
Detailed RTL Component Info : 
+---Muxes : 
	   4 Input      1 Bit        Muxes := 2     
Module dreg_en__parameterized0 
Detailed RTL Component Info : 
+---Registers : 
	                4 Bit    Registers := 1     
Module dreg_en__parameterized1 
Detailed RTL Component Info : 
+---Registers : 
	                1 Bit    Registers := 1     
Module mux2__parameterized1 
Detailed RTL Component Info : 
+---Muxes : 
	   2 Input     32 Bit        Muxes := 1     
Module counter 
Detailed RTL Component Info : 
+---Adders : 
	   2 Input      4 Bit       Adders := 1     
+---Registers : 
	                4 Bit    Registers := 1     
+---Muxes : 
	   2 Input      4 Bit        Muxes := 1     
	   2 Input      1 Bit        Muxes := 1     
Module dreg_en__parameterized2 
Detailed RTL Component Info : 
+---Registers : 
	               32 Bit    Registers := 1     
Module fact_CU 
Detailed RTL Component Info : 
+---Registers : 
	                1 Bit    Registers := 1     
+---Muxes : 
	   4 Input      6 Bit        Muxes := 1     
	   2 Input      5 Bit        Muxes := 1     
	   2 Input      1 Bit        Muxes := 1     
Module FA 
Detailed RTL Component Info : 
+---Muxes : 
	   4 Input     32 Bit        Muxes := 1     
Module GPIO 
Detailed RTL Component Info : 
+---Muxes : 
	   4 Input     32 Bit        Muxes := 1     
---------------------------------------------------------------------------------
Finished RTL Hierarchical Component Statistics
---------------------------------------------------------------------------------
---------------------------------------------------------------------------------
Start Part Resource Summary
---------------------------------------------------------------------------------
Part Resources:
DSPs: 240 (col length:80)
BRAMs: 270 (col length: RAMB18 80 RAMB36 40)
---------------------------------------------------------------------------------
Finished Part Resource Summary
---------------------------------------------------------------------------------
No constraint files found.
---------------------------------------------------------------------------------
Start Cross Boundary and Area Optimization
---------------------------------------------------------------------------------
DSP Report: Generating DSP dp/mul/lo, operation Mode is: A*B.
DSP Report: operator dp/mul/lo is absorbed into DSP dp/mul/lo.
DSP Report: operator dp/mul/lo is absorbed into DSP dp/mul/lo.
DSP Report: Generating DSP dp/mul/lo, operation Mode is: (PCIN>>17)+A*B.
DSP Report: operator dp/mul/lo is absorbed into DSP dp/mul/lo.
DSP Report: operator dp/mul/lo is absorbed into DSP dp/mul/lo.
DSP Report: Generating DSP dp/mul/lo, operation Mode is: A*B.
DSP Report: operator dp/mul/lo is absorbed into DSP dp/mul/lo.
DSP Report: operator dp/mul/lo is absorbed into DSP dp/mul/lo.
DSP Report: Generating DSP dp/mul/lo, operation Mode is: (PCIN>>17)+A*B.
DSP Report: operator dp/mul/lo is absorbed into DSP dp/mul/lo.
DSP Report: operator dp/mul/lo is absorbed into DSP dp/mul/lo.
WARNING: [Synth 8-6014] Unused sequential element fact/dp/CNT/Q_reg was removed.  [C:/Users/huang/Documents/School/CMPE140/SingleCycleMIPS/SingleCycleMIPS.srcs/sources_1/new/dp_parts.v:120]
DSP Report: Generating DSP fact/dp/MUL/lo, operation Mode is: A*B.
DSP Report: operator fact/dp/MUL/lo is absorbed into DSP fact/dp/MUL/lo.
DSP Report: operator fact/dp/MUL/lo is absorbed into DSP fact/dp/MUL/lo.
DSP Report: Generating DSP fact/dp/MUL/lo, operation Mode is: (PCIN>>17)+A*B.
DSP Report: operator fact/dp/MUL/lo is absorbed into DSP fact/dp/MUL/lo.
DSP Report: operator fact/dp/MUL/lo is absorbed into DSP fact/dp/MUL/lo.
WARNING: [Synth 8-3331] design SoC_AD has unconnected port a[31]
WARNING: [Synth 8-3331] design SoC_AD has unconnected port a[30]
WARNING: [Synth 8-3331] design SoC_AD has unconnected port a[29]
WARNING: [Synth 8-3331] design SoC_AD has unconnected port a[28]
WARNING: [Synth 8-3331] design SoC_AD has unconnected port a[27]
WARNING: [Synth 8-3331] design SoC_AD has unconnected port a[26]
WARNING: [Synth 8-3331] design SoC_AD has unconnected port a[25]
WARNING: [Synth 8-3331] design SoC_AD has unconnected port a[24]
WARNING: [Synth 8-3331] design SoC_AD has unconnected port a[23]
WARNING: [Synth 8-3331] design SoC_AD has unconnected port a[22]
WARNING: [Synth 8-3331] design SoC_AD has unconnected port a[21]
WARNING: [Synth 8-3331] design SoC_AD has unconnected port a[20]
WARNING: [Synth 8-3331] design SoC_AD has unconnected port a[19]
WARNING: [Synth 8-3331] design SoC_AD has unconnected port a[18]
WARNING: [Synth 8-3331] design SoC_AD has unconnected port a[17]
WARNING: [Synth 8-3331] design SoC_AD has unconnected port a[16]
WARNING: [Synth 8-3331] design SoC_AD has unconnected port a[15]
WARNING: [Synth 8-3331] design SoC_AD has unconnected port a[14]
WARNING: [Synth 8-3331] design SoC_AD has unconnected port a[13]
WARNING: [Synth 8-3331] design SoC_AD has unconnected port a[12]
WARNING: [Synth 8-3331] design SoC_AD has unconnected port a[7]
WARNING: [Synth 8-3331] design SoC_AD has unconnected port a[6]
WARNING: [Synth 8-3331] design SoC_AD has unconnected port a[5]
WARNING: [Synth 8-3331] design SoC_AD has unconnected port a[4]
WARNING: [Synth 8-3331] design SoC_AD has unconnected port a[3]
WARNING: [Synth 8-3331] design SoC_AD has unconnected port a[2]
WARNING: [Synth 8-3332] Sequential element (mips/dp/lo_reg/Q_reg[31]) is unused and will be removed from module SoC.
WARNING: [Synth 8-3332] Sequential element (mips/dp/lo_reg/Q_reg[30]) is unused and will be removed from module SoC.
WARNING: [Synth 8-3332] Sequential element (mips/dp/lo_reg/Q_reg[29]) is unused and will be removed from module SoC.
WARNING: [Synth 8-3332] Sequential element (mips/dp/lo_reg/Q_reg[28]) is unused and will be removed from module SoC.
WARNING: [Synth 8-3332] Sequential element (mips/dp/lo_reg/Q_reg[27]) is unused and will be removed from module SoC.
WARNING: [Synth 8-3332] Sequential element (mips/dp/lo_reg/Q_reg[26]) is unused and will be removed from module SoC.
WARNING: [Synth 8-3332] Sequential element (mips/dp/lo_reg/Q_reg[25]) is unused and will be removed from module SoC.
WARNING: [Synth 8-3332] Sequential element (mips/dp/lo_reg/Q_reg[24]) is unused and will be removed from module SoC.
WARNING: [Synth 8-3332] Sequential element (mips/dp/lo_reg/Q_reg[23]) is unused and will be removed from module SoC.
WARNING: [Synth 8-3332] Sequential element (mips/dp/lo_reg/Q_reg[22]) is unused and will be removed from module SoC.
WARNING: [Synth 8-3332] Sequential element (mips/dp/lo_reg/Q_reg[21]) is unused and will be removed from module SoC.
WARNING: [Synth 8-3332] Sequential element (mips/dp/lo_reg/Q_reg[20]) is unused and will be removed from module SoC.
WARNING: [Synth 8-3332] Sequential element (mips/dp/lo_reg/Q_reg[19]) is unused and will be removed from module SoC.
WARNING: [Synth 8-3332] Sequential element (mips/dp/lo_reg/Q_reg[18]) is unused and will be removed from module SoC.
WARNING: [Synth 8-3332] Sequential element (mips/dp/lo_reg/Q_reg[17]) is unused and will be removed from module SoC.
WARNING: [Synth 8-3332] Sequential element (mips/dp/lo_reg/Q_reg[16]) is unused and will be removed from module SoC.
WARNING: [Synth 8-3332] Sequential element (mips/dp/lo_reg/Q_reg[15]) is unused and will be removed from module SoC.
WARNING: [Synth 8-3332] Sequential element (mips/dp/lo_reg/Q_reg[14]) is unused and will be removed from module SoC.
WARNING: [Synth 8-3332] Sequential element (mips/dp/lo_reg/Q_reg[13]) is unused and will be removed from module SoC.
WARNING: [Synth 8-3332] Sequential element (mips/dp/lo_reg/Q_reg[12]) is unused and will be removed from module SoC.
WARNING: [Synth 8-3332] Sequential element (mips/dp/lo_reg/Q_reg[11]) is unused and will be removed from module SoC.
WARNING: [Synth 8-3332] Sequential element (mips/dp/lo_reg/Q_reg[10]) is unused and will be removed from module SoC.
WARNING: [Synth 8-3332] Sequential element (mips/dp/lo_reg/Q_reg[9]) is unused and will be removed from module SoC.
WARNING: [Synth 8-3332] Sequential element (mips/dp/lo_reg/Q_reg[8]) is unused and will be removed from module SoC.
WARNING: [Synth 8-3332] Sequential element (mips/dp/lo_reg/Q_reg[7]) is unused and will be removed from module SoC.
WARNING: [Synth 8-3332] Sequential element (mips/dp/lo_reg/Q_reg[6]) is unused and will be removed from module SoC.
WARNING: [Synth 8-3332] Sequential element (mips/dp/lo_reg/Q_reg[5]) is unused and will be removed from module SoC.
WARNING: [Synth 8-3332] Sequential element (mips/dp/lo_reg/Q_reg[4]) is unused and will be removed from module SoC.
WARNING: [Synth 8-3332] Sequential element (mips/dp/lo_reg/Q_reg[3]) is unused and will be removed from module SoC.
WARNING: [Synth 8-3332] Sequential element (mips/dp/lo_reg/Q_reg[2]) is unused and will be removed from module SoC.
WARNING: [Synth 8-3332] Sequential element (mips/dp/lo_reg/Q_reg[1]) is unused and will be removed from module SoC.
WARNING: [Synth 8-3332] Sequential element (mips/dp/lo_reg/Q_reg[0]) is unused and will be removed from module SoC.
WARNING: [Synth 8-3332] Sequential element (mips/dp/hi_reg/Q_reg[31]) is unused and will be removed from module SoC.
WARNING: [Synth 8-3332] Sequential element (mips/dp/hi_reg/Q_reg[30]) is unused and will be removed from module SoC.
WARNING: [Synth 8-3332] Sequential element (mips/dp/hi_reg/Q_reg[29]) is unused and will be removed from module SoC.
WARNING: [Synth 8-3332] Sequential element (mips/dp/hi_reg/Q_reg[28]) is unused and will be removed from module SoC.
WARNING: [Synth 8-3332] Sequential element (mips/dp/hi_reg/Q_reg[27]) is unused and will be removed from module SoC.
WARNING: [Synth 8-3332] Sequential element (mips/dp/hi_reg/Q_reg[26]) is unused and will be removed from module SoC.
WARNING: [Synth 8-3332] Sequential element (mips/dp/hi_reg/Q_reg[25]) is unused and will be removed from module SoC.
WARNING: [Synth 8-3332] Sequential element (mips/dp/hi_reg/Q_reg[24]) is unused and will be removed from module SoC.
WARNING: [Synth 8-3332] Sequential element (mips/dp/hi_reg/Q_reg[23]) is unused and will be removed from module SoC.
WARNING: [Synth 8-3332] Sequential element (mips/dp/hi_reg/Q_reg[22]) is unused and will be removed from module SoC.
WARNING: [Synth 8-3332] Sequential element (mips/dp/hi_reg/Q_reg[21]) is unused and will be removed from module SoC.
WARNING: [Synth 8-3332] Sequential element (mips/dp/hi_reg/Q_reg[20]) is unused and will be removed from module SoC.
WARNING: [Synth 8-3332] Sequential element (mips/dp/hi_reg/Q_reg[19]) is unused and will be removed from module SoC.
WARNING: [Synth 8-3332] Sequential element (mips/dp/hi_reg/Q_reg[18]) is unused and will be removed from module SoC.
WARNING: [Synth 8-3332] Sequential element (mips/dp/hi_reg/Q_reg[17]) is unused and will be removed from module SoC.
WARNING: [Synth 8-3332] Sequential element (mips/dp/hi_reg/Q_reg[16]) is unused and will be removed from module SoC.
WARNING: [Synth 8-3332] Sequential element (mips/dp/hi_reg/Q_reg[15]) is unused and will be removed from module SoC.
WARNING: [Synth 8-3332] Sequential element (mips/dp/hi_reg/Q_reg[14]) is unused and will be removed from module SoC.
WARNING: [Synth 8-3332] Sequential element (mips/dp/hi_reg/Q_reg[13]) is unused and will be removed from module SoC.
WARNING: [Synth 8-3332] Sequential element (mips/dp/hi_reg/Q_reg[12]) is unused and will be removed from module SoC.
WARNING: [Synth 8-3332] Sequential element (mips/dp/hi_reg/Q_reg[11]) is unused and will be removed from module SoC.
WARNING: [Synth 8-3332] Sequential element (mips/dp/hi_reg/Q_reg[10]) is unused and will be removed from module SoC.
WARNING: [Synth 8-3332] Sequential element (mips/dp/hi_reg/Q_reg[9]) is unused and will be removed from module SoC.
WARNING: [Synth 8-3332] Sequential element (mips/dp/hi_reg/Q_reg[8]) is unused and will be removed from module SoC.
WARNING: [Synth 8-3332] Sequential element (mips/dp/hi_reg/Q_reg[7]) is unused and will be removed from module SoC.
WARNING: [Synth 8-3332] Sequential element (mips/dp/hi_reg/Q_reg[6]) is unused and will be removed from module SoC.
WARNING: [Synth 8-3332] Sequential element (mips/dp/hi_reg/Q_reg[5]) is unused and will be removed from module SoC.
WARNING: [Synth 8-3332] Sequential element (mips/dp/hi_reg/Q_reg[4]) is unused and will be removed from module SoC.
WARNING: [Synth 8-3332] Sequential element (mips/dp/hi_reg/Q_reg[3]) is unused and will be removed from module SoC.
WARNING: [Synth 8-3332] Sequential element (mips/dp/hi_reg/Q_reg[2]) is unused and will be removed from module SoC.
WARNING: [Synth 8-3332] Sequential element (mips/dp/hi_reg/Q_reg[1]) is unused and will be removed from module SoC.
WARNING: [Synth 8-3332] Sequential element (mips/dp/hi_reg/Q_reg[0]) is unused and will be removed from module SoC.
WARNING: [Synth 8-3332] Sequential element (mips/dp/pc_reg/Q_reg[31]) is unused and will be removed from module SoC.
WARNING: [Synth 8-3332] Sequential element (mips/dp/pc_reg/Q_reg[30]) is unused and will be removed from module SoC.
WARNING: [Synth 8-3332] Sequential element (mips/dp/pc_reg/Q_reg[29]) is unused and will be removed from module SoC.
WARNING: [Synth 8-3332] Sequential element (mips/dp/pc_reg/Q_reg[28]) is unused and will be removed from module SoC.
WARNING: [Synth 8-3332] Sequential element (mips/dp/pc_reg/Q_reg[27]) is unused and will be removed from module SoC.
WARNING: [Synth 8-3332] Sequential element (mips/dp/pc_reg/Q_reg[26]) is unused and will be removed from module SoC.
WARNING: [Synth 8-3332] Sequential element (mips/dp/pc_reg/Q_reg[25]) is unused and will be removed from module SoC.
WARNING: [Synth 8-3332] Sequential element (mips/dp/pc_reg/Q_reg[24]) is unused and will be removed from module SoC.
WARNING: [Synth 8-3332] Sequential element (mips/dp/pc_reg/Q_reg[23]) is unused and will be removed from module SoC.
WARNING: [Synth 8-3332] Sequential element (mips/dp/pc_reg/Q_reg[22]) is unused and will be removed from module SoC.
WARNING: [Synth 8-3332] Sequential element (mips/dp/pc_reg/Q_reg[21]) is unused and will be removed from module SoC.
WARNING: [Synth 8-3332] Sequential element (mips/dp/pc_reg/Q_reg[20]) is unused and will be removed from module SoC.
WARNING: [Synth 8-3332] Sequential element (mips/dp/pc_reg/Q_reg[19]) is unused and will be removed from module SoC.
WARNING: [Synth 8-3332] Sequential element (mips/dp/pc_reg/Q_reg[18]) is unused and will be removed from module SoC.
WARNING: [Synth 8-3332] Sequential element (mips/dp/pc_reg/Q_reg[17]) is unused and will be removed from module SoC.
WARNING: [Synth 8-3332] Sequential element (mips/dp/pc_reg/Q_reg[16]) is unused and will be removed from module SoC.
WARNING: [Synth 8-3332] Sequential element (mips/dp/pc_reg/Q_reg[15]) is unused and will be removed from module SoC.
WARNING: [Synth 8-3332] Sequential element (mips/dp/pc_reg/Q_reg[14]) is unused and will be removed from module SoC.
WARNING: [Synth 8-3332] Sequential element (mips/dp/pc_reg/Q_reg[13]) is unused and will be removed from module SoC.
WARNING: [Synth 8-3332] Sequential element (mips/dp/pc_reg/Q_reg[12]) is unused and will be removed from module SoC.
WARNING: [Synth 8-3332] Sequential element (mips/dp/pc_reg/Q_reg[11]) is unused and will be removed from module SoC.
WARNING: [Synth 8-3332] Sequential element (mips/dp/pc_reg/Q_reg[10]) is unused and will be removed from module SoC.
WARNING: [Synth 8-3332] Sequential element (mips/dp/pc_reg/Q_reg[9]) is unused and will be removed from module SoC.
WARNING: [Synth 8-3332] Sequential element (mips/dp/pc_reg/Q_reg[8]) is unused and will be removed from module SoC.
WARNING: [Synth 8-3332] Sequential element (mips/dp/pc_reg/Q_reg[7]) is unused and will be removed from module SoC.
WARNING: [Synth 8-3332] Sequential element (mips/dp/pc_reg/Q_reg[0]) is unused and will be removed from module SoC.
---------------------------------------------------------------------------------
Finished Cross Boundary and Area Optimization : Time (s): cpu = 00:00:14 ; elapsed = 00:00:14 . Memory (MB): peak = 580.668 ; gain = 336.641
---------------------------------------------------------------------------------
---------------------------------------------------------------------------------
Start ROM, RAM, DSP and Shift Register Reporting
---------------------------------------------------------------------------------

Distributed RAM: Preliminary Mapping  Report (see note below)
+------------+----------------------+-----------+----------------------+-----------------+
|Module Name | RTL Object           | Inference | Size (Depth x Width) | Primitives      | 
+------------+----------------------+-----------+----------------------+-----------------+
|SoC         | mips/dp/rf/rf_reg    | Implied   | 32 x 32              | RAM32M x 18     | 
|SoC         | mips/dp/dmem/ram_reg | Implied   | 64 x 32              | RAM64X1S x 32   | 
+------------+----------------------+-----------+----------------------+-----------------+

Note: The table above is a preliminary report that shows the Distributed RAMs at the current stage of the synthesis flow. Some Distributed RAMs may be reimplemented as non Distributed RAM primitives later in the synthesis flow. Multiple instantiated RAMs are reported only once.

DSP: Preliminary Mapping  Report (see note below)
+------------+----------------+--------+--------+--------+--------+--------+------+------+------+------+-------+------+------+
|Module Name | DSP Mapping    | A Size | B Size | C Size | D Size | P Size | AREG | BREG | CREG | DREG | ADREG | MREG | PREG | 
+------------+----------------+--------+--------+--------+--------+--------+------+------+------+------+-------+------+------+
|mul         | A*B            | 18     | 16     | -      | -      | 48     | 0    | 0    | -    | -    | -     | 0    | 0    | 
|mul         | (PCIN>>17)+A*B | 16     | 16     | -      | -      | 30     | 0    | 0    | -    | -    | -     | 0    | 0    | 
|mul         | A*B            | 18     | 18     | -      | -      | 48     | 0    | 0    | -    | -    | -     | 0    | 0    | 
|mul         | (PCIN>>17)+A*B | 18     | 16     | -      | -      | 47     | 0    | 0    | -    | -    | -     | 0    | 0    | 
|mul         | A*B            | 18     | 5      | -      | -      | 48     | 0    | 0    | -    | -    | -     | 0    | 0    | 
|mul         | (PCIN>>17)+A*B | 15     | 5      | -      | -      | 15     | 0    | 0    | -    | -    | -     | 0    | 0    | 
+------------+----------------+--------+--------+--------+--------+--------+------+------+------+------+-------+------+------+

Note: The table above is a preliminary report that shows the DSPs inferred at the current stage of the synthesis flow. Some DSP may be reimplemented as non DSP primitives later in the synthesis flow. Multiple instantiated DSPs are reported only once.
---------------------------------------------------------------------------------
Finished ROM, RAM, DSP and Shift Register Reporting
---------------------------------------------------------------------------------

Report RTL Partitions: 
+-+--------------+------------+----------+
| |RTL Partition |Replication |Instances |
+-+--------------+------------+----------+
+-+--------------+------------+----------+
No constraint files found.
---------------------------------------------------------------------------------
Start Timing Optimization
---------------------------------------------------------------------------------
---------------------------------------------------------------------------------
Finished Timing Optimization : Time (s): cpu = 00:00:14 ; elapsed = 00:00:14 . Memory (MB): peak = 580.668 ; gain = 336.641
---------------------------------------------------------------------------------
---------------------------------------------------------------------------------
Start ROM, RAM, DSP and Shift Register Reporting
---------------------------------------------------------------------------------

Distributed RAM: Final Mapping  Report
+------------+----------------------+-----------+----------------------+-----------------+
|Module Name | RTL Object           | Inference | Size (Depth x Width) | Primitives      | 
+------------+----------------------+-----------+----------------------+-----------------+
|SoC         | mips/dp/rf/rf_reg    | Implied   | 32 x 32              | RAM32M x 18     | 
|SoC         | mips/dp/dmem/ram_reg | Implied   | 64 x 32              | RAM64X1S x 32   | 
+------------+----------------------+-----------+----------------------+-----------------+

---------------------------------------------------------------------------------
Finished ROM, RAM, DSP and Shift Register Reporting
---------------------------------------------------------------------------------

Report RTL Partitions: 
+-+--------------+------------+----------+
| |RTL Partition |Replication |Instances |
+-+--------------+------------+----------+
+-+--------------+------------+----------+
---------------------------------------------------------------------------------
Start Technology Mapping
---------------------------------------------------------------------------------
WARNING: [Synth 8-3332] Sequential element (mips/dp/alu/y_reg[31]) is unused and will be removed from module SoC.
WARNING: [Synth 8-3332] Sequential element (mips/dp/alu/y_reg[30]) is unused and will be removed from module SoC.
WARNING: [Synth 8-3332] Sequential element (mips/dp/alu/y_reg[29]) is unused and will be removed from module SoC.
WARNING: [Synth 8-3332] Sequential element (mips/dp/alu/y_reg[28]) is unused and will be removed from module SoC.
WARNING: [Synth 8-3332] Sequential element (mips/dp/alu/y_reg[27]) is unused and will be removed from module SoC.
WARNING: [Synth 8-3332] Sequential element (mips/dp/alu/y_reg[26]) is unused and will be removed from module SoC.
WARNING: [Synth 8-3332] Sequential element (mips/dp/alu/y_reg[25]) is unused and will be removed from module SoC.
WARNING: [Synth 8-3332] Sequential element (mips/dp/alu/y_reg[24]) is unused and will be removed from module SoC.
WARNING: [Synth 8-3332] Sequential element (mips/dp/alu/y_reg[23]) is unused and will be removed from module SoC.
WARNING: [Synth 8-3332] Sequential element (mips/dp/alu/y_reg[22]) is unused and will be removed from module SoC.
INFO: [Common 17-14] Message 'Synth 8-3332' appears 100 times and further instances of the messages will be disabled. Use the Tcl command set_msg_config to change the current settings.
INFO: [Synth 8-5844] Detected registers with asynchronous reset at DSP/BRAM block boundary. Consider using synchronous reset for optimal packing [C:/Users/huang/Documents/School/CMPE140/SingleCycleMIPS/SingleCycleMIPS.srcs/sources_1/new/dp_parts.v:87]
INFO: [Synth 8-5844] Detected registers with asynchronous reset at DSP/BRAM block boundary. Consider using synchronous reset for optimal packing [C:/Users/huang/Documents/School/CMPE140/SingleCycleMIPS/SingleCycleMIPS.srcs/sources_1/new/dp_parts.v:120]
INFO: [Synth 8-5844] Detected registers with asynchronous reset at DSP/BRAM block boundary. Consider using synchronous reset for optimal packing [C:/Users/huang/Documents/School/CMPE140/SingleCycleMIPS/SingleCycleMIPS.srcs/sources_1/new/dp_parts.v:87]
INFO: [Synth 8-5844] Detected registers with asynchronous reset at DSP/BRAM block boundary. Consider using synchronous reset for optimal packing [C:/Users/huang/Documents/School/CMPE140/SingleCycleMIPS/SingleCycleMIPS.srcs/sources_1/new/dp_parts.v:120]
---------------------------------------------------------------------------------
Finished Technology Mapping : Time (s): cpu = 00:00:14 ; elapsed = 00:00:14 . Memory (MB): peak = 586.273 ; gain = 342.246
---------------------------------------------------------------------------------

Report RTL Partitions: 
+-+--------------+------------+----------+
| |RTL Partition |Replication |Instances |
+-+--------------+------------+----------+
+-+--------------+------------+----------+
---------------------------------------------------------------------------------
Start IO Insertion
---------------------------------------------------------------------------------
---------------------------------------------------------------------------------
Start Flattening Before IO Insertion
---------------------------------------------------------------------------------
---------------------------------------------------------------------------------
Finished Flattening Before IO Insertion
---------------------------------------------------------------------------------
---------------------------------------------------------------------------------
Start Final Netlist Cleanup
---------------------------------------------------------------------------------
---------------------------------------------------------------------------------
Finished Final Netlist Cleanup
---------------------------------------------------------------------------------
---------------------------------------------------------------------------------
Finished IO Insertion : Time (s): cpu = 00:00:15 ; elapsed = 00:00:15 . Memory (MB): peak = 586.273 ; gain = 342.246
---------------------------------------------------------------------------------

Report Check Netlist: 
+------+------------------+-------+---------+-------+------------------+
|      |Item              |Errors |Warnings |Status |Description       |
+------+------------------+-------+---------+-------+------------------+
|1     |multi_driven_nets |      0|        0|Passed |Multi driven nets |
+------+------------------+-------+---------+-------+------------------+
---------------------------------------------------------------------------------
Start Renaming Generated Instances
---------------------------------------------------------------------------------
---------------------------------------------------------------------------------
Finished Renaming Generated Instances : Time (s): cpu = 00:00:15 ; elapsed = 00:00:15 . Memory (MB): peak = 586.273 ; gain = 342.246
---------------------------------------------------------------------------------

Report RTL Partitions: 
+-+--------------+------------+----------+
| |RTL Partition |Replication |Instances |
+-+--------------+------------+----------+
+-+--------------+------------+----------+
---------------------------------------------------------------------------------
Start Rebuilding User Hierarchy
---------------------------------------------------------------------------------
---------------------------------------------------------------------------------
Finished Rebuilding User Hierarchy : Time (s): cpu = 00:00:15 ; elapsed = 00:00:15 . Memory (MB): peak = 586.273 ; gain = 342.246
---------------------------------------------------------------------------------
---------------------------------------------------------------------------------
Start Renaming Generated Ports
---------------------------------------------------------------------------------
---------------------------------------------------------------------------------
Finished Renaming Generated Ports : Time (s): cpu = 00:00:15 ; elapsed = 00:00:15 . Memory (MB): peak = 586.273 ; gain = 342.246
---------------------------------------------------------------------------------
---------------------------------------------------------------------------------
Start Handling Custom Attributes
---------------------------------------------------------------------------------
---------------------------------------------------------------------------------
Finished Handling Custom Attributes : Time (s): cpu = 00:00:15 ; elapsed = 00:00:15 . Memory (MB): peak = 586.273 ; gain = 342.246
---------------------------------------------------------------------------------
---------------------------------------------------------------------------------
Start Renaming Generated Nets
---------------------------------------------------------------------------------
---------------------------------------------------------------------------------
Finished Renaming Generated Nets : Time (s): cpu = 00:00:15 ; elapsed = 00:00:15 . Memory (MB): peak = 586.273 ; gain = 342.246
---------------------------------------------------------------------------------
---------------------------------------------------------------------------------
Start Writing Synthesis Report
---------------------------------------------------------------------------------

Report BlackBoxes: 
+-+--------------+----------+
| |BlackBox name |Instances |
+-+--------------+----------+
+-+--------------+----------+

Report Cell Usage: 
+------+---------+------+
|      |Cell     |Count |
+------+---------+------+
|1     |BUFG     |     1|
|2     |CARRY4   |    16|
|3     |DSP48E1  |     2|
|4     |LUT1     |     3|
|5     |LUT2     |    66|
|6     |LUT3     |     9|
|7     |LUT4     |    41|
|8     |LUT5     |    94|
|9     |LUT6     |   205|
|10    |RAM32M   |    18|
|11    |RAM64X1S |    32|
|12    |FDCE     |   109|
|13    |FDRE     |    38|
|14    |LD       |     3|
|15    |IBUF     |    71|
|16    |OBUF     |    96|
+------+---------+------+

Report Instance Areas: 
+------+-----------------+--------------------------+------+
|      |Instance         |Module                    |Cells |
+------+-----------------+--------------------------+------+
|1     |top              |                          |   804|
|2     |  ad             |SoC_AD                    |     3|
|3     |  fa             |FA                        |   122|
|4     |    done_reg     |dreg_en__parameterized1   |     1|
|5     |    err_reg      |dreg_en__parameterized1_2 |     1|
|6     |    fact         |fact                      |    74|
|7     |      cu         |fact_CU                   |     1|
|8     |      dp         |fact_DP                   |    73|
|9     |        CNT      |counter                   |     8|
|10    |        MUL      |mul                       |    33|
|11    |        REG      |dreg_en__parameterized2   |    32|
|12    |    go_pulse_reg |dreg_en__parameterized1_3 |     1|
|13    |    go_reg       |dreg_en__parameterized1_4 |     1|
|14    |    in_reg       |dreg_en__parameterized0   |    10|
|15    |    res_reg      |dreg_en_5                 |    34|
|16    |  gpio           |GPIO                      |    96|
|17    |    gpio1_reg    |dreg_en                   |    62|
|18    |    gpio2_reg    |dreg_en_1                 |    34|
|19    |  mips           |MIPS                      |   415|
|20    |    dp           |datapath                  |   415|
|21    |      alu        |alu                       |    12|
|22    |      dmem       |dmem                      |    33|
|23    |      pc_plus_4  |adder                     |     2|
|24    |      pc_plus_br |adder_0                   |     2|
|25    |      pc_reg     |dreg                      |   283|
|26    |      rf         |regfile                   |    83|
+------+-----------------+--------------------------+------+
---------------------------------------------------------------------------------
Finished Writing Synthesis Report : Time (s): cpu = 00:00:15 ; elapsed = 00:00:15 . Memory (MB): peak = 586.273 ; gain = 342.246
---------------------------------------------------------------------------------
Synthesis finished with 0 errors, 0 critical warnings and 180 warnings.
Synthesis Optimization Runtime : Time (s): cpu = 00:00:15 ; elapsed = 00:00:15 . Memory (MB): peak = 586.273 ; gain = 342.246
Synthesis Optimization Complete : Time (s): cpu = 00:00:15 ; elapsed = 00:00:15 . Memory (MB): peak = 586.273 ; gain = 342.246
INFO: [Project 1-571] Translating synthesized netlist
INFO: [Netlist 29-17] Analyzing 142 Unisim elements for replacement
INFO: [Netlist 29-28] Unisim Transformation completed in 0 CPU seconds
INFO: [Project 1-570] Preparing netlist for logic optimization
INFO: [Opt 31-138] Pushed 0 inverter(s) to 0 load pin(s).
INFO: [Project 1-111] Unisim Transformation Summary:
  A total of 53 instances were transformed.
  LD => LDCE: 3 instances
  RAM32M => RAM32M (RAMD32, RAMD32, RAMD32, RAMD32, RAMD32, RAMD32, RAMS32, RAMS32): 18 instances
  RAM64X1S => RAM64X1S (RAMS64E): 32 instances

INFO: [Common 17-83] Releasing license: Synthesis
88 Infos, 158 Warnings, 0 Critical Warnings and 0 Errors encountered.
synth_design completed successfully
synth_design: Time (s): cpu = 00:00:19 ; elapsed = 00:00:21 . Memory (MB): peak = 674.953 ; gain = 443.547
INFO: [Common 17-1381] The checkpoint 'C:/Users/huang/Documents/School/CMPE140/SingleCycleMIPS/SingleCycleMIPS.runs/synth_1/SoC.dcp' has been generated.
INFO: [runtcl-4] Executing : report_utilization -file SoC_utilization_synth.rpt -pb datapath_utilization_synth.pb
report_utilization: Time (s): cpu = 00:00:00 ; elapsed = 00:00:00.085 . Memory (MB): peak = 674.953 ; gain = 0.000
INFO: [Common 17-206] Exiting Vivado at Sun Apr 29 20:47:26 2018...
