INFO: [VRFC 10-2263] Analyzing Verilog file "C:/Users/huang/Documents/School/CMPE140/PipelinedMIPS/PipelinedMIPS.sim/sim_1/synth/func/xsim/tb_MIPS_func_synth.v" into library xil_defaultlib
INFO: [VRFC 10-311] analyzing module DECODE
INFO: [VRFC 10-311] analyzing module EXECUTE
INFO: [VRFC 10-311] analyzing module MEMORY
INFO: [VRFC 10-311] analyzing module MIPS
INFO: [VRFC 10-311] analyzing module WRITEBACK
INFO: [VRFC 10-311] analyzing module adder
INFO: [VRFC 10-311] analyzing module adder_0
INFO: [VRFC 10-311] analyzing module adder_1
INFO: [VRFC 10-311] analyzing module alu
INFO: [VRFC 10-311] analyzing module datapath
INFO: [VRFC 10-311] analyzing module dmem
INFO: [VRFC 10-311] analyzing module dreg
INFO: [VRFC 10-311] analyzing module hazard_unit
INFO: [VRFC 10-311] analyzing module glbl
INFO: [VRFC 10-2263] Analyzing Verilog file "C:/Users/huang/Documents/School/CMPE140/PipelinedMIPS/PipelinedMIPS.srcs/sources_1/new/pipeline_reg.v" into library xil_defaultlib
INFO: [VRFC 10-311] analyzing module FETCH
INFO: [VRFC 10-311] analyzing module DECODE
WARNING: [VRFC 10-1195] overwriting previous definition of module DECODE [C:/Users/huang/Documents/School/CMPE140/PipelinedMIPS/PipelinedMIPS.srcs/sources_1/new/pipeline_reg.v:11]
INFO: [VRFC 10-311] analyzing module EXECUTE
WARNING: [VRFC 10-1195] overwriting previous definition of module EXECUTE [C:/Users/huang/Documents/School/CMPE140/PipelinedMIPS/PipelinedMIPS.srcs/sources_1/new/pipeline_reg.v:24]
INFO: [VRFC 10-311] analyzing module MEMORY
WARNING: [VRFC 10-1195] overwriting previous definition of module MEMORY [C:/Users/huang/Documents/School/CMPE140/PipelinedMIPS/PipelinedMIPS.srcs/sources_1/new/pipeline_reg.v:53]
INFO: [VRFC 10-311] analyzing module WRITEBACK
WARNING: [VRFC 10-1195] overwriting previous definition of module WRITEBACK [C:/Users/huang/Documents/School/CMPE140/PipelinedMIPS/PipelinedMIPS.srcs/sources_1/new/pipeline_reg.v:75]
INFO: [VRFC 10-2263] Analyzing Verilog file "C:/Users/huang/Documents/School/CMPE140/PipelinedMIPS/PipelinedMIPS.srcs/sim_1/new/tb_MIPS.v" into library xil_defaultlib
INFO: [VRFC 10-311] analyzing module tb_MIPS
