Copyright 1986-2017 Xilinx, Inc. All Rights Reserved.
-------------------------------------------------------------------------------------------------------------------------------------------------------
| Tool Version : Vivado v.2017.3 (win64) Build 2018833 Wed Oct  4 19:58:22 MDT 2017
| Date         : Wed Feb 14 18:41:35 2018
| Host         : DESKTOP-OQNQAOP running 64-bit major release  (build 9200)
| Command      : report_timing_summary -file factorial_fpga_timing_summary_routed.rpt -warn_on_violation -rpx factorial_fpga_timing_summary_routed.rpx
| Design       : factorial_fpga
| Device       : 7a100t-csg324
| Speed File   : -1  PRODUCTION 1.19 2017-08-11
-------------------------------------------------------------------------------------------------------------------------------------------------------

Timing Summary Report

------------------------------------------------------------------------------------------------
| Timer Settings
| --------------
------------------------------------------------------------------------------------------------

  Enable Multi Corner Analysis               :  Yes
  Enable Pessimism Removal                   :  Yes
  Pessimism Removal Resolution               :  Nearest Common Node
  Enable Input Delay Default Clock           :  No
  Enable Preset / Clear Arcs                 :  No
  Disable Flight Delays                      :  No
  Ignore I/O Paths                           :  No
  Timing Early Launch at Borrowing Latches   :  false

  Corner  Analyze    Analyze    
  Name    Max Paths  Min Paths  
  ------  ---------  ---------  
  Slow    Yes        Yes        
  Fast    Yes        Yes        



check_timing report

Table of Contents
-----------------
1. checking no_clock
2. checking constant_clock
3. checking pulse_width_clock
4. checking unconstrained_internal_endpoints
5. checking no_input_delay
6. checking no_output_delay
7. checking multiple_clock
8. checking generated_clocks
9. checking loops
10. checking partial_input_delay
11. checking partial_output_delay
12. checking latch_loops

1. checking no_clock
--------------------
 There are 20 register/latch pins with no clock driven by root clock pin: u0/clk_5KHz_reg/Q (HIGH)

 There are 37 register/latch pins with no clock driven by root clock pin: u1/debounced_button_reg/Q (HIGH)


2. checking constant_clock
--------------------------
 There are 0 register/latch pins with constant_clock.


3. checking pulse_width_clock
-----------------------------
 There are 0 register/latch pins which need pulse_width check


4. checking unconstrained_internal_endpoints
--------------------------------------------
 There are 130 pins that are not constrained for maximum delay. (HIGH)

 There are 0 pins that are not constrained for maximum delay due to constant clock.


5. checking no_input_delay
--------------------------
 There are 7 input ports with no input delay specified. (HIGH)

 There are 0 input ports with no input delay but user has a false path constraint.


6. checking no_output_delay
---------------------------
 There are 18 ports with no output delay specified. (HIGH)

 There are 0 ports with no output delay but user has a false path constraint

 There are 0 ports with no output delay but with a timing clock defined on it or propagating through it


7. checking multiple_clock
--------------------------
 There are 0 register/latch pins with multiple clocks.


8. checking generated_clocks
----------------------------
 There are 0 generated clocks that are not connected to a clock source.


9. checking loops
-----------------
 There are 0 combinational loops in the design.


10. checking partial_input_delay
--------------------------------
 There are 0 input ports with partial input delay specified.


11. checking partial_output_delay
---------------------------------
 There are 0 ports with partial output delay specified.


12. checking latch_loops
------------------------
 There are 0 combinational latch loops in the design through latch input



------------------------------------------------------------------------------------------------
| Design Timing Summary
| ---------------------
------------------------------------------------------------------------------------------------

    WNS(ns)      TNS(ns)  TNS Failing Endpoints  TNS Total Endpoints      WHS(ns)      THS(ns)  THS Failing Endpoints  THS Total Endpoints     WPWS(ns)     TPWS(ns)  TPWS Failing Endpoints  TPWS Total Endpoints  
    -------      -------  ---------------------  -------------------      -------      -------  ---------------------  -------------------     --------     --------  ----------------------  --------------------  
      5.045        0.000                      0                   33        0.246        0.000                      0                   33        4.500        0.000                       0                    34  


All user specified timing constraints are met.


------------------------------------------------------------------------------------------------
| Clock Summary
| -------------
------------------------------------------------------------------------------------------------

Clock        Waveform(ns)       Period(ns)      Frequency(MHz)
-----        ------------       ----------      --------------
sys_clk_pin  {0.000 5.000}      10.000          100.000         


------------------------------------------------------------------------------------------------
| Intra Clock Table
| -----------------
------------------------------------------------------------------------------------------------

Clock             WNS(ns)      TNS(ns)  TNS Failing Endpoints  TNS Total Endpoints      WHS(ns)      THS(ns)  THS Failing Endpoints  THS Total Endpoints     WPWS(ns)     TPWS(ns)  TPWS Failing Endpoints  TPWS Total Endpoints  
-----             -------      -------  ---------------------  -------------------      -------      -------  ---------------------  -------------------     --------     --------  ----------------------  --------------------  
sys_clk_pin         5.045        0.000                      0                   33        0.246        0.000                      0                   33        4.500        0.000                       0                    34  


------------------------------------------------------------------------------------------------
| Inter Clock Table
| -----------------
------------------------------------------------------------------------------------------------

From Clock    To Clock          WNS(ns)      TNS(ns)  TNS Failing Endpoints  TNS Total Endpoints      WHS(ns)      THS(ns)  THS Failing Endpoints  THS Total Endpoints  
----------    --------          -------      -------  ---------------------  -------------------      -------      -------  ---------------------  -------------------  


------------------------------------------------------------------------------------------------
| Other Path Groups Table
| -----------------------
------------------------------------------------------------------------------------------------

Path Group    From Clock    To Clock          WNS(ns)      TNS(ns)  TNS Failing Endpoints  TNS Total Endpoints      WHS(ns)      THS(ns)  THS Failing Endpoints  THS Total Endpoints  
----------    ----------    --------          -------      -------  ---------------------  -------------------      -------      -------  ---------------------  -------------------  


------------------------------------------------------------------------------------------------
| Timing Details
| --------------
------------------------------------------------------------------------------------------------


---------------------------------------------------------------------------------------------------
From Clock:  sys_clk_pin
  To Clock:  sys_clk_pin

Setup :            0  Failing Endpoints,  Worst Slack        5.045ns,  Total Violation        0.000ns
Hold  :            0  Failing Endpoints,  Worst Slack        0.246ns,  Total Violation        0.000ns
PW    :            0  Failing Endpoints,  Worst Slack        4.500ns,  Total Violation        0.000ns
---------------------------------------------------------------------------------------------------


Max Delay Paths
--------------------------------------------------------------------------------------
Slack (MET) :             5.045ns  (required time - arrival time)
  Source:                 u0/count2_reg[28]/C
                            (rising edge-triggered cell FDRE clocked by sys_clk_pin  {rise@0.000ns fall@5.000ns period=10.000ns})
  Destination:            u0/count2_reg[30]/D
                            (rising edge-triggered cell FDRE clocked by sys_clk_pin  {rise@0.000ns fall@5.000ns period=10.000ns})
  Path Group:             sys_clk_pin
  Path Type:              Setup (Max at Slow Process Corner)
  Requirement:            10.000ns  (sys_clk_pin rise@10.000ns - sys_clk_pin rise@0.000ns)
  Data Path Delay:        4.943ns  (logic 2.168ns (43.861%)  route 2.775ns (56.138%))
  Logic Levels:           9  (CARRY4=6 LUT4=1 LUT5=2)
  Clock Path Skew:        -0.039ns (DCD - SCD + CPR)
    Destination Clock Delay (DCD):    5.009ns = ( 15.009 - 10.000 ) 
    Source Clock Delay      (SCD):    5.307ns
    Clock Pessimism Removal (CPR):    0.259ns
  Clock Uncertainty:      0.035ns  ((TSJ^2 + TIJ^2)^1/2 + DJ) / 2 + PE
    Total System Jitter     (TSJ):    0.071ns
    Total Input Jitter      (TIJ):    0.000ns
    Discrete Jitter          (DJ):    0.000ns
    Phase Error              (PE):    0.000ns

    Location             Delay type                Incr(ns)  Path(ns)    Netlist Resource(s)
  -------------------------------------------------------------------    -------------------
                         (clock sys_clk_pin rise edge)
                                                      0.000     0.000 r  
    E3                                                0.000     0.000 r  clk100MHz (IN)
                         net (fo=0)                   0.000     0.000    clk100MHz
    E3                   IBUF (Prop_ibuf_I_O)         1.482     1.482 r  clk100MHz_IBUF_inst/O
                         net (fo=1, routed)           2.025     3.506    clk100MHz_IBUF
    BUFGCTRL_X0Y16       BUFG (Prop_bufg_I_O)         0.096     3.602 r  clk100MHz_IBUF_BUFG_inst/O
                         net (fo=33, routed)          1.704     5.307    u0/CLK
    SLICE_X4Y74          FDRE                                         r  u0/count2_reg[28]/C
  -------------------------------------------------------------------    -------------------
    SLICE_X4Y74          FDRE (Prop_fdre_C_Q)         0.456     5.763 r  u0/count2_reg[28]/Q
                         net (fo=2, routed)           1.345     7.108    u0/count2[28]
    SLICE_X5Y69          LUT4 (Prop_lut4_I0_O)        0.124     7.232 r  u0/count20_carry_i_6/O
                         net (fo=1, routed)           0.433     7.665    u0/count20_carry_i_6_n_0
    SLICE_X5Y69          LUT5 (Prop_lut5_I4_O)        0.124     7.789 r  u0/count20_carry_i_2/O
                         net (fo=6, routed)           0.987     8.777    u0/count20_carry_i_2_n_0
    SLICE_X4Y70          LUT5 (Prop_lut5_I0_O)        0.124     8.901 r  u0/count20_carry__1_i_1/O
                         net (fo=1, routed)           0.000     8.901    u0/count2_0[10]
    SLICE_X4Y70          CARRY4 (Prop_carry4_S[1]_CO[3])
                                                      0.550     9.451 r  u0/count20_carry__1/CO[3]
                         net (fo=1, routed)           0.000     9.451    u0/count20_carry__1_n_0
    SLICE_X4Y71          CARRY4 (Prop_carry4_CI_CO[3])
                                                      0.114     9.565 r  u0/count20_carry__2/CO[3]
                         net (fo=1, routed)           0.000     9.565    u0/count20_carry__2_n_0
    SLICE_X4Y72          CARRY4 (Prop_carry4_CI_CO[3])
                                                      0.114     9.679 r  u0/count20_carry__3/CO[3]
                         net (fo=1, routed)           0.000     9.679    u0/count20_carry__3_n_0
    SLICE_X4Y73          CARRY4 (Prop_carry4_CI_CO[3])
                                                      0.114     9.793 r  u0/count20_carry__4/CO[3]
                         net (fo=1, routed)           0.000     9.793    u0/count20_carry__4_n_0
    SLICE_X4Y74          CARRY4 (Prop_carry4_CI_CO[3])
                                                      0.114     9.907 r  u0/count20_carry__5/CO[3]
                         net (fo=1, routed)           0.009     9.916    u0/count20_carry__5_n_0
    SLICE_X4Y75          CARRY4 (Prop_carry4_CI_O[1])
                                                      0.334    10.250 r  u0/count20_carry__6/O[1]
                         net (fo=1, routed)           0.000    10.250    u0/p_0_in[30]
    SLICE_X4Y75          FDRE                                         r  u0/count2_reg[30]/D
  -------------------------------------------------------------------    -------------------

                         (clock sys_clk_pin rise edge)
                                                     10.000    10.000 r  
    E3                                                0.000    10.000 r  clk100MHz (IN)
                         net (fo=0)                   0.000    10.000    clk100MHz
    E3                   IBUF (Prop_ibuf_I_O)         1.411    11.411 r  clk100MHz_IBUF_inst/O
                         net (fo=1, routed)           1.920    13.331    clk100MHz_IBUF
    BUFGCTRL_X0Y16       BUFG (Prop_bufg_I_O)         0.091    13.422 r  clk100MHz_IBUF_BUFG_inst/O
                         net (fo=33, routed)          1.586    15.009    u0/CLK
    SLICE_X4Y75          FDRE                                         r  u0/count2_reg[30]/C
                         clock pessimism              0.259    15.268    
                         clock uncertainty           -0.035    15.232    
    SLICE_X4Y75          FDRE (Setup_fdre_C_D)        0.062    15.294    u0/count2_reg[30]
  -------------------------------------------------------------------
                         required time                         15.294    
                         arrival time                         -10.250    
  -------------------------------------------------------------------
                         slack                                  5.045    





Min Delay Paths
--------------------------------------------------------------------------------------
Slack (MET) :             0.246ns  (arrival time - required time)
  Source:                 u0/count2_reg[0]/C
                            (rising edge-triggered cell FDRE clocked by sys_clk_pin  {rise@0.000ns fall@5.000ns period=10.000ns})
  Destination:            u0/count2_reg[0]/D
                            (rising edge-triggered cell FDRE clocked by sys_clk_pin  {rise@0.000ns fall@5.000ns period=10.000ns})
  Path Group:             sys_clk_pin
  Path Type:              Hold (Min at Fast Process Corner)
  Requirement:            0.000ns  (sys_clk_pin rise@0.000ns - sys_clk_pin rise@0.000ns)
  Data Path Delay:        0.351ns  (logic 0.183ns (52.092%)  route 0.168ns (47.908%))
  Logic Levels:           1  (LUT1=1)
  Clock Path Skew:        0.000ns (DCD - SCD - CPR)
    Destination Clock Delay (DCD):    2.028ns
    Source Clock Delay      (SCD):    1.513ns
    Clock Pessimism Removal (CPR):    0.514ns

    Location             Delay type                Incr(ns)  Path(ns)    Netlist Resource(s)
  -------------------------------------------------------------------    -------------------
                         (clock sys_clk_pin rise edge)
                                                      0.000     0.000 r  
    E3                                                0.000     0.000 r  clk100MHz (IN)
                         net (fo=0)                   0.000     0.000    clk100MHz
    E3                   IBUF (Prop_ibuf_I_O)         0.250     0.250 r  clk100MHz_IBUF_inst/O
                         net (fo=1, routed)           0.644     0.894    clk100MHz_IBUF
    BUFGCTRL_X0Y16       BUFG (Prop_bufg_I_O)         0.026     0.920 r  clk100MHz_IBUF_BUFG_inst/O
                         net (fo=33, routed)          0.594     1.513    u0/CLK
    SLICE_X5Y70          FDRE                                         r  u0/count2_reg[0]/C
  -------------------------------------------------------------------    -------------------
    SLICE_X5Y70          FDRE (Prop_fdre_C_Q)         0.141     1.654 f  u0/count2_reg[0]/Q
                         net (fo=3, routed)           0.168     1.823    u0/count2[0]
    SLICE_X5Y70          LUT1 (Prop_lut1_I0_O)        0.042     1.865 r  u0/count2[0]_i_1/O
                         net (fo=1, routed)           0.000     1.865    u0/p_0_in[0]
    SLICE_X5Y70          FDRE                                         r  u0/count2_reg[0]/D
  -------------------------------------------------------------------    -------------------

                         (clock sys_clk_pin rise edge)
                                                      0.000     0.000 r  
    E3                                                0.000     0.000 r  clk100MHz (IN)
                         net (fo=0)                   0.000     0.000    clk100MHz
    E3                   IBUF (Prop_ibuf_I_O)         0.438     0.438 r  clk100MHz_IBUF_inst/O
                         net (fo=1, routed)           0.699     1.136    clk100MHz_IBUF
    BUFGCTRL_X0Y16       BUFG (Prop_bufg_I_O)         0.029     1.165 r  clk100MHz_IBUF_BUFG_inst/O
                         net (fo=33, routed)          0.863     2.028    u0/CLK
    SLICE_X5Y70          FDRE                                         r  u0/count2_reg[0]/C
                         clock pessimism             -0.514     1.513    
    SLICE_X5Y70          FDRE (Hold_fdre_C_D)         0.105     1.618    u0/count2_reg[0]
  -------------------------------------------------------------------
                         required time                         -1.618    
                         arrival time                           1.865    
  -------------------------------------------------------------------
                         slack                                  0.246    





Pulse Width Checks
--------------------------------------------------------------------------------------
Clock Name:         sys_clk_pin
Waveform(ns):       { 0.000 5.000 }
Period(ns):         10.000
Sources:            { clk100MHz }

Check Type        Corner  Lib Pin  Reference Pin  Required(ns)  Actual(ns)  Slack(ns)  Location        Pin
Min Period        n/a     BUFG/I   n/a            2.155         10.000      7.845      BUFGCTRL_X0Y16  clk100MHz_IBUF_BUFG_inst/I
Low Pulse Width   Slow    FDRE/C   n/a            0.500         5.000       4.500      SLICE_X4Y73     u0/count2_reg[21]/C
High Pulse Width  Slow    FDRE/C   n/a            0.500         5.000       4.500      SLICE_X5Y71     u0/clk_5KHz_reg/C



