Vivado Simulator 2017.4
Copyright 1986-1999, 2001-2016 Xilinx, Inc. All Rights Reserved.
Running: C:/Xilinx/Vivado/2017.4/bin/unwrapped/win64.o/xelab.exe -wto 0c1f0db720af4cc1b43e204ef9c0830c --incr --debug typical --relax --mt 2 -L xil_defaultlib -L unisims_ver -L unimacro_ver -L secureip --snapshot tb_MIPS_behav xil_defaultlib.tb_MIPS xil_defaultlib.glbl -log elaborate.log 
Using 2 slave threads.
Starting static elaboration
Completed static elaboration
Starting simulation data flow analysis
WARNING: [XSIM 43-4099] "C:/Users/huang/Documents/School/CMPE140/PipelinedMIPS/PipelinedMIPS.srcs/sources_1/new/MIPS.v" Line 2. Module MIPS doesn't have a timescale but at least one module in design has a timescale.
WARNING: [XSIM 43-4099] "C:/Users/huang/Documents/School/CMPE140/PipelinedMIPS/PipelinedMIPS.srcs/sources_1/new/datapath.v" Line 2. Module datapath doesn't have a timescale but at least one module in design has a timescale.
WARNING: [XSIM 43-4099] "C:/Users/huang/Documents/School/CMPE140/PipelinedMIPS/PipelinedMIPS.srcs/sources_1/new/dp_parts.v" Line 21. Module mux4 doesn't have a timescale but at least one module in design has a timescale.
WARNING: [XSIM 43-4099] "C:/Users/huang/Documents/School/CMPE140/PipelinedMIPS/PipelinedMIPS.srcs/sources_1/new/dp_parts.v" Line 66. Module dreg doesn't have a timescale but at least one module in design has a timescale.
WARNING: [XSIM 43-4099] "C:/Users/huang/Documents/School/CMPE140/PipelinedMIPS/PipelinedMIPS.srcs/sources_1/new/dp_parts.v" Line 41. Module adder doesn't have a timescale but at least one module in design has a timescale.
WARNING: [XSIM 43-4099] "C:/Users/huang/Documents/School/CMPE140/PipelinedMIPS/PipelinedMIPS.srcs/sources_1/new/dp_parts.v" Line 2. Module mux2 doesn't have a timescale but at least one module in design has a timescale.
WARNING: [XSIM 43-4099] "C:/Users/huang/Documents/School/CMPE140/PipelinedMIPS/PipelinedMIPS.srcs/sources_1/new/dp_parts.v" Line 78. Module regfile doesn't have a timescale but at least one module in design has a timescale.
WARNING: [XSIM 43-4099] "C:/Users/huang/Documents/School/CMPE140/PipelinedMIPS/PipelinedMIPS.srcs/sources_1/new/dp_parts.v" Line 12. Module mux3(WIDTH=5) doesn't have a timescale but at least one module in design has a timescale.
WARNING: [XSIM 43-4099] "C:/Users/huang/Documents/School/CMPE140/PipelinedMIPS/PipelinedMIPS.srcs/sources_1/new/dp_parts.v" Line 36. Module signext doesn't have a timescale but at least one module in design has a timescale.
WARNING: [XSIM 43-4099] "C:/Users/huang/Documents/School/CMPE140/PipelinedMIPS/PipelinedMIPS.srcs/sources_1/new/dp_parts.v" Line 41. Module adder doesn't have a timescale but at least one module in design has a timescale.
WARNING: [XSIM 43-4099] "C:/Users/huang/Documents/School/CMPE140/PipelinedMIPS/PipelinedMIPS.srcs/sources_1/new/dp_parts.v" Line 41. Module adder doesn't have a timescale but at least one module in design has a timescale.
WARNING: [XSIM 43-4099] "C:/Users/huang/Documents/School/CMPE140/PipelinedMIPS/PipelinedMIPS.srcs/sources_1/new/dp_parts.v" Line 66. Module dreg doesn't have a timescale but at least one module in design has a timescale.
WARNING: [XSIM 43-4099] "C:/Users/huang/Documents/School/CMPE140/PipelinedMIPS/PipelinedMIPS.srcs/sources_1/new/dp_parts.v" Line 66. Module dreg doesn't have a timescale but at least one module in design has a timescale.
WARNING: [XSIM 43-4099] "C:/Users/huang/Documents/School/CMPE140/PipelinedMIPS/PipelinedMIPS.srcs/sources_1/new/dp_parts.v" Line 66. Module dreg doesn't have a timescale but at least one module in design has a timescale.
WARNING: [XSIM 43-4099] "C:/Users/huang/Documents/School/CMPE140/PipelinedMIPS/PipelinedMIPS.srcs/sources_1/new/dp_parts.v" Line 66. Module dreg doesn't have a timescale but at least one module in design has a timescale.
WARNING: [XSIM 43-4099] "C:/Users/huang/Documents/School/CMPE140/PipelinedMIPS/PipelinedMIPS.srcs/sources_1/new/dp_parts.v" Line 12. Module mux3 doesn't have a timescale but at least one module in design has a timescale.
WARNING: [XSIM 43-4099] "C:/Users/huang/Documents/School/CMPE140/PipelinedMIPS/PipelinedMIPS.srcs/sources_1/new/dp_parts.v" Line 12. Module mux3 doesn't have a timescale but at least one module in design has a timescale.
WARNING: [XSIM 43-4099] "C:/Users/huang/Documents/School/CMPE140/PipelinedMIPS/PipelinedMIPS.srcs/sources_1/new/dp_parts.v" Line 2. Module mux2 doesn't have a timescale but at least one module in design has a timescale.
WARNING: [XSIM 43-4099] "C:/Users/huang/Documents/School/CMPE140/PipelinedMIPS/PipelinedMIPS.srcs/sources_1/new/dp_parts.v" Line 2. Module mux2 doesn't have a timescale but at least one module in design has a timescale.
WARNING: [XSIM 43-4099] "C:/Users/huang/Documents/School/CMPE140/PipelinedMIPS/PipelinedMIPS.srcs/sources_1/new/dp_parts.v" Line 49. Module alu doesn't have a timescale but at least one module in design has a timescale.
WARNING: [XSIM 43-4099] "C:/Users/huang/Documents/School/CMPE140/PipelinedMIPS/PipelinedMIPS.srcs/sources_1/new/dp_parts.v" Line 66. Module dreg doesn't have a timescale but at least one module in design has a timescale.
WARNING: [XSIM 43-4099] "C:/Users/huang/Documents/School/CMPE140/PipelinedMIPS/PipelinedMIPS.srcs/sources_1/new/dp_parts.v" Line 66. Module dreg doesn't have a timescale but at least one module in design has a timescale.
WARNING: [XSIM 43-4099] "C:/Users/huang/Documents/School/CMPE140/PipelinedMIPS/PipelinedMIPS.srcs/sources_1/new/dp_parts.v" Line 21. Module mux4 doesn't have a timescale but at least one module in design has a timescale.
WARNING: [XSIM 43-4099] "C:/Users/huang/Documents/School/CMPE140/PipelinedMIPS/PipelinedMIPS.srcs/sources_1/new/dp_parts.v" Line 2. Module mux2 doesn't have a timescale but at least one module in design has a timescale.
WARNING: [XSIM 43-4099] "C:/Users/huang/Documents/School/CMPE140/PipelinedMIPS/PipelinedMIPS.srcs/sources_1/new/control_unit.v" Line 2. Module control_unit doesn't have a timescale but at least one module in design has a timescale.
WARNING: [XSIM 43-4099] "C:/Users/huang/Documents/School/CMPE140/PipelinedMIPS/PipelinedMIPS.srcs/sources_1/new/cu_parts.v" Line 2. Module maindec doesn't have a timescale but at least one module in design has a timescale.
WARNING: [XSIM 43-4099] "C:/Users/huang/Documents/School/CMPE140/PipelinedMIPS/PipelinedMIPS.srcs/sources_1/new/cu_parts.v" Line 32. Module auxdec doesn't have a timescale but at least one module in design has a timescale.
WARNING: [XSIM 43-4099] "C:/Users/huang/Documents/School/CMPE140/PipelinedMIPS/PipelinedMIPS.srcs/sources_1/new/hazard_unit.v" Line 2. Module hazard_unit doesn't have a timescale but at least one module in design has a timescale.
Completed simulation data flow analysis
Time Resolution for simulation is 1ps
Compiling module xil_defaultlib.mux4
Compiling module xil_defaultlib.dreg
Compiling module xil_defaultlib.imem
Compiling module xil_defaultlib.adder
Compiling module xil_defaultlib.mux2
Compiling module xil_defaultlib.DECODE
Compiling module xil_defaultlib.regfile
Compiling module xil_defaultlib.mux3(WIDTH=5)
Compiling module xil_defaultlib.signext
Compiling module xil_defaultlib.EXECUTE
Compiling module xil_defaultlib.pipelined_mul
Compiling module xil_defaultlib.mux3
Compiling module xil_defaultlib.alu
Compiling module xil_defaultlib.MEMORY
Compiling module xil_defaultlib.dmem
Compiling module xil_defaultlib.WRITEBACK
Compiling module xil_defaultlib.datapath
Compiling module xil_defaultlib.maindec
Compiling module xil_defaultlib.auxdec
Compiling module xil_defaultlib.control_unit
Compiling module xil_defaultlib.hazard_unit
Compiling module xil_defaultlib.MIPS
Compiling module xil_defaultlib.tb_MIPS
Compiling module xil_defaultlib.glbl
Built simulation snapshot tb_MIPS_behav
